<?xml version="1.0" encoding="UTF-8"?>
<!-- Generated by org.testng.reporters.JUnitXMLReporter -->
<testsuite ignored="0" hostname="sparmar-C02CCE4EMD6M" failures="0" tests="4" name="RestAssuredProject" time="2.615" errors="0" timestamp="2021-11-15T18:11:18 IST">
  <testcase classname="APITests" name="addPetToStore" time="2.005"/>
  <testcase classname="APITests" name="checkPetFindByStatus" time="0.158"/>
  <testcase classname="APITests" name="createUser" time="0.369"/>
  <testcase classname="APITests" name="storeInventory" time="0.025"/>
</testsuite> <!-- RestAssuredProject -->
